<?xml version="1.0" encoding="UTF-8"?>
<testsuite xmlns:xsi="http://www.w3.org/2001/XMLSchema-instance" xsi:noNamespaceSchemaLocation="https://maven.apache.org/surefire/maven-surefire-plugin/xsd/surefire-test-report-3.0.xsd" version="3.0" name="com.leonardo.cache.service.UnitTestParallelizationTest" time="8.098" tests="3" errors="0" skipped="0" failures="0">
  <properties>
[...]
</properties>
  <testcase name="test_1" classname="com.leonardo.cache.service.UnitTestParallelizationTest" time="3.047">
    <system-out><![CDATA[Started Started test_1 ,Thread: main
Finished Started test_1 ,Thread: main
]]></system-out>
  </testcase>
  <testcase name="test_2" classname="com.leonardo.cache.service.UnitTestParallelizationTest" time="2.003">
    <system-out><![CDATA[Started Started test_2 ,Thread: main
Finished Started test_2 ,Thread: main
]]></system-out>
  </testcase>
  <testcase name="test_3" classname="com.leonardo.cache.service.UnitTestParallelizationTest" time="3.005">
    <system-out><![CDATA[Started Started test_3 ,Thread: main
Finished Started test_3 ,Thread: main
]]></system-out>
  </testcase>
</testsuite>